2023-05-15 10:05:532 INFO  LoginPage :31 - Enter email ID[[ChromeDriver: chrome on WINDOWS (cf11817571a6b7a3cd0bcdf6a1a539e0)] -> id: user-name]
2023-05-15 10:05:684 INFO  LoginPage :36 - Enter Password[[ChromeDriver: chrome on WINDOWS (cf11817571a6b7a3cd0bcdf6a1a539e0)] -> name: password]
2023-05-15 10:05:825 INFO  LoginPage :41 - Click on Login Button[[ChromeDriver: chrome on WINDOWS (cf11817571a6b7a3cd0bcdf6a1a539e0)] -> name: login-button]
2023-05-15 10:05:89 INFO  ProductsPage :30 - Get Text Product[[ChromeDriver: chrome on WINDOWS (cf11817571a6b7a3cd0bcdf6a1a539e0)] -> xpath: //span[@class='title']]
2023-05-15 10:05:556 INFO  LoginPage :31 - Enter email ID[[ChromeDriver: chrome on WINDOWS (f38eada913be87d08c45092f390d053e)] -> id: user-name]
2023-05-15 10:05:786 INFO  LoginPage :36 - Enter Password[[ChromeDriver: chrome on WINDOWS (f38eada913be87d08c45092f390d053e)] -> name: password]
2023-05-15 10:05:943 INFO  LoginPage :41 - Click on Login Button[[ChromeDriver: chrome on WINDOWS (f38eada913be87d08c45092f390d053e)] -> name: login-button]
2023-05-15 10:05:189 INFO  ProductsPage :39 - Get Product Qty[[ChromeDriver: chrome on WINDOWS (f38eada913be87d08c45092f390d053e)] -> xpath: //span[@class='title']]
2023-05-15 17:05:366 INFO  LoginPage :31 - Enter email ID[[ChromeDriver: chrome on WINDOWS (30ac1646d5db423b6d7e4cc15ce031bf)] -> id: user-name]
2023-05-15 17:05:880 INFO  LoginPage :36 - Enter Password[[ChromeDriver: chrome on WINDOWS (30ac1646d5db423b6d7e4cc15ce031bf)] -> name: password]
2023-05-15 17:05:77 INFO  LoginPage :41 - Click on Login Button[[ChromeDriver: chrome on WINDOWS (30ac1646d5db423b6d7e4cc15ce031bf)] -> name: login-button]
2023-05-15 17:05:633 INFO  ProductsPage :30 - Get Text Product[[ChromeDriver: chrome on WINDOWS (30ac1646d5db423b6d7e4cc15ce031bf)] -> xpath: //span[@class='title']]
2023-05-15 17:05:708 INFO  LoginPage :31 - Enter email ID[[ChromeDriver: chrome on WINDOWS (39d390d09b36fdc53902ee9c53d2bd36)] -> id: user-name]
2023-05-15 17:05:57 INFO  LoginPage :36 - Enter Password[[ChromeDriver: chrome on WINDOWS (39d390d09b36fdc53902ee9c53d2bd36)] -> name: password]
2023-05-15 17:05:275 INFO  LoginPage :41 - Click on Login Button[[ChromeDriver: chrome on WINDOWS (39d390d09b36fdc53902ee9c53d2bd36)] -> name: login-button]
2023-05-15 17:05:631 INFO  ProductsPage :39 - Get Product Qty[[ChromeDriver: chrome on WINDOWS (39d390d09b36fdc53902ee9c53d2bd36)] -> xpath: //span[@class='title']]
2023-05-15 17:05:142 INFO  LoginPage :31 - Enter email ID[[ChromeDriver: chrome on WINDOWS (8746df0af9e1b781e2fc427f0d1f6224)] -> id: user-name]
2023-05-15 17:05:341 INFO  LoginPage :36 - Enter Password[[ChromeDriver: chrome on WINDOWS (8746df0af9e1b781e2fc427f0d1f6224)] -> name: password]
2023-05-15 17:05:514 INFO  LoginPage :41 - Click on Login Button[[ChromeDriver: chrome on WINDOWS (8746df0af9e1b781e2fc427f0d1f6224)] -> name: login-button]
2023-05-15 17:05:895 INFO  ProductsPage :30 - Get Text Product[[ChromeDriver: chrome on WINDOWS (8746df0af9e1b781e2fc427f0d1f6224)] -> xpath: //span[@class='title']]
2023-05-15 20:05:471 INFO  LoginPage :31 - Enter email ID[[ChromeDriver: chrome on WINDOWS (18971b45ff44dff0a7ba1ed5b64fd080)] -> id: user-name]
2023-05-15 20:05:611 INFO  LoginPage :36 - Enter Password[[ChromeDriver: chrome on WINDOWS (18971b45ff44dff0a7ba1ed5b64fd080)] -> name: password]
2023-05-15 20:05:700 INFO  LoginPage :41 - Click on Login Button[[ChromeDriver: chrome on WINDOWS (18971b45ff44dff0a7ba1ed5b64fd080)] -> name: login-button]
2023-05-15 20:05:837 INFO  ProductsPage :30 - Get Text Product[[ChromeDriver: chrome on WINDOWS (18971b45ff44dff0a7ba1ed5b64fd080)] -> xpath: //span[@class='title']]
2023-05-15 20:05:900 INFO  LoginPage :31 - Enter email ID[[ChromeDriver: chrome on WINDOWS (305ceb26ea9034c2b9170010a5e9f341)] -> id: user-name]
2023-05-15 20:05:26 INFO  LoginPage :36 - Enter Password[[ChromeDriver: chrome on WINDOWS (305ceb26ea9034c2b9170010a5e9f341)] -> name: password]
2023-05-15 20:05:101 INFO  LoginPage :41 - Click on Login Button[[ChromeDriver: chrome on WINDOWS (305ceb26ea9034c2b9170010a5e9f341)] -> name: login-button]
2023-05-15 20:05:221 INFO  ProductsPage :39 - Get Product Qty[[ChromeDriver: chrome on WINDOWS (305ceb26ea9034c2b9170010a5e9f341)] -> xpath: //span[@class='title']]
2023-05-15 20:05:788 INFO  LoginPage :31 - Enter email ID[[ChromeDriver: chrome on WINDOWS (b8743a0722c296a4b70bf915763c3d2d)] -> id: user-name]
2023-05-15 20:05:920 INFO  LoginPage :36 - Enter Password[[ChromeDriver: chrome on WINDOWS (b8743a0722c296a4b70bf915763c3d2d)] -> name: password]
2023-05-15 20:05:00 INFO  LoginPage :41 - Click on Login Button[[ChromeDriver: chrome on WINDOWS (b8743a0722c296a4b70bf915763c3d2d)] -> name: login-button]
2023-05-15 20:05:106 INFO  ProductsPage :30 - Get Text Product[[ChromeDriver: chrome on WINDOWS (b8743a0722c296a4b70bf915763c3d2d)] -> xpath: //span[@class='title']]
2023-05-15 20:05:827 INFO  LoginPage :31 - Enter email ID[[ChromeDriver: chrome on WINDOWS (76199d537c183769809bc7e1d026f7e1)] -> id: user-name]
2023-05-15 20:05:952 INFO  LoginPage :36 - Enter Password[[ChromeDriver: chrome on WINDOWS (76199d537c183769809bc7e1d026f7e1)] -> name: password]
2023-05-15 20:05:46 INFO  LoginPage :41 - Click on Login Button[[ChromeDriver: chrome on WINDOWS (76199d537c183769809bc7e1d026f7e1)] -> name: login-button]
2023-05-15 20:05:186 INFO  ProductsPage :39 - Get Product Qty[[ChromeDriver: chrome on WINDOWS (76199d537c183769809bc7e1d026f7e1)] -> xpath: //span[@class='title']]
2023-05-15 21:05:684 INFO  LoginPage :31 - Enter email ID[[ChromeDriver: chrome on WINDOWS (d2056a01577c06c17e9694b30f4bb2af)] -> id: user-name]
2023-05-15 21:05:835 INFO  LoginPage :36 - Enter Password[[ChromeDriver: chrome on WINDOWS (d2056a01577c06c17e9694b30f4bb2af)] -> name: password]
2023-05-15 21:05:955 INFO  LoginPage :41 - Click on Login Button[[ChromeDriver: chrome on WINDOWS (d2056a01577c06c17e9694b30f4bb2af)] -> name: login-button]
2023-05-15 21:05:98 INFO  ProductsPage :30 - Get Text Product[[ChromeDriver: chrome on WINDOWS (d2056a01577c06c17e9694b30f4bb2af)] -> xpath: //span[@class='title']]
2023-05-15 21:05:197 INFO  LoginPage :31 - Enter email ID[[ChromeDriver: chrome on WINDOWS (1233aae0543e62d933a76a357d942e13)] -> id: user-name]
2023-05-15 21:05:358 INFO  LoginPage :36 - Enter Password[[ChromeDriver: chrome on WINDOWS (1233aae0543e62d933a76a357d942e13)] -> name: password]
2023-05-15 21:05:458 INFO  LoginPage :41 - Click on Login Button[[ChromeDriver: chrome on WINDOWS (1233aae0543e62d933a76a357d942e13)] -> name: login-button]
2023-05-15 21:05:609 INFO  ProductsPage :39 - Get Product Qty[[ChromeDriver: chrome on WINDOWS (1233aae0543e62d933a76a357d942e13)] -> xpath: //span[@class='title']]
2023-05-15 21:05:472 INFO  LoginPage :31 - Enter email ID[[ChromeDriver: chrome on WINDOWS (6d5708bb806f9131052d1a317a7bfadd)] -> id: user-name]
2023-05-15 21:05:608 INFO  LoginPage :36 - Enter Password[[ChromeDriver: chrome on WINDOWS (6d5708bb806f9131052d1a317a7bfadd)] -> name: password]
2023-05-15 21:05:689 INFO  LoginPage :41 - Click on Login Button[[ChromeDriver: chrome on WINDOWS (6d5708bb806f9131052d1a317a7bfadd)] -> name: login-button]
2023-05-15 21:05:804 INFO  ProductsPage :30 - Get Text Product[[ChromeDriver: chrome on WINDOWS (6d5708bb806f9131052d1a317a7bfadd)] -> xpath: //span[@class='title']]
2023-05-15 21:05:82 INFO  LoginPage :31 - Enter email ID[[ChromeDriver: chrome on WINDOWS (b44cc98e04f609ee6fac21ab13d85e71)] -> id: user-name]
2023-05-15 21:05:225 INFO  LoginPage :36 - Enter Password[[ChromeDriver: chrome on WINDOWS (b44cc98e04f609ee6fac21ab13d85e71)] -> name: password]
2023-05-15 21:05:310 INFO  LoginPage :41 - Click on Login Button[[ChromeDriver: chrome on WINDOWS (b44cc98e04f609ee6fac21ab13d85e71)] -> name: login-button]
2023-05-15 21:05:433 INFO  ProductsPage :39 - Get Product Qty[[ChromeDriver: chrome on WINDOWS (b44cc98e04f609ee6fac21ab13d85e71)] -> xpath: //span[@class='title']]
2023-05-15 21:05:455 INFO  LoginPage :31 - Enter email ID[[ChromeDriver: chrome on WINDOWS (dae1410506837dbe0c3e8e711b699525)] -> id: user-name]
2023-05-15 21:05:568 INFO  LoginPage :36 - Enter Password[[ChromeDriver: chrome on WINDOWS (dae1410506837dbe0c3e8e711b699525)] -> name: password]
2023-05-15 21:05:639 INFO  LoginPage :41 - Click on Login Button[[ChromeDriver: chrome on WINDOWS (dae1410506837dbe0c3e8e711b699525)] -> name: login-button]
2023-05-15 21:05:746 INFO  ProductsPage :30 - Get Text Product[[ChromeDriver: chrome on WINDOWS (dae1410506837dbe0c3e8e711b699525)] -> xpath: //span[@class='title']]
2023-05-15 21:05:858 INFO  LoginPage :31 - Enter email ID[[ChromeDriver: chrome on WINDOWS (4e33195e9e8311d4793d613087b93bde)] -> id: user-name]
2023-05-15 21:05:970 INFO  LoginPage :36 - Enter Password[[ChromeDriver: chrome on WINDOWS (4e33195e9e8311d4793d613087b93bde)] -> name: password]
2023-05-15 21:05:51 INFO  LoginPage :41 - Click on Login Button[[ChromeDriver: chrome on WINDOWS (4e33195e9e8311d4793d613087b93bde)] -> name: login-button]
2023-05-15 21:05:162 INFO  ProductsPage :39 - Get Product Qty[[ChromeDriver: chrome on WINDOWS (4e33195e9e8311d4793d613087b93bde)] -> xpath: //span[@class='title']]
2023-05-18 22:05:33 INFO  LoginPage :31 - Enter email ID[[ChromeDriver: chrome on WINDOWS (cfdfb7976fcff4dc7b68b17ccfe7046a)] -> id: user-name]
2023-05-18 22:05:186 INFO  LoginPage :36 - Enter Password[[ChromeDriver: chrome on WINDOWS (cfdfb7976fcff4dc7b68b17ccfe7046a)] -> name: password]
2023-05-18 22:05:331 INFO  LoginPage :41 - Click on Login Button[[ChromeDriver: chrome on WINDOWS (cfdfb7976fcff4dc7b68b17ccfe7046a)] -> name: login-button]
2023-05-18 22:05:537 INFO  ProductsPage :30 - Get Text Product[[ChromeDriver: chrome on WINDOWS (cfdfb7976fcff4dc7b68b17ccfe7046a)] -> xpath: //span[@class='title']]
2023-05-18 22:05:387 INFO  LoginPage :31 - Enter email ID[[ChromeDriver: chrome on WINDOWS (3bc11bb5e7a432986dba9144f9ddbb76)] -> id: user-name]
2023-05-18 22:05:538 INFO  LoginPage :36 - Enter Password[[ChromeDriver: chrome on WINDOWS (3bc11bb5e7a432986dba9144f9ddbb76)] -> name: password]
2023-05-18 22:05:719 INFO  LoginPage :41 - Click on Login Button[[ChromeDriver: chrome on WINDOWS (3bc11bb5e7a432986dba9144f9ddbb76)] -> name: login-button]
2023-05-18 22:05:916 INFO  ProductsPage :39 - Get Product Qty[[ChromeDriver: chrome on WINDOWS (3bc11bb5e7a432986dba9144f9ddbb76)] -> xpath: //span[@class='title']]
